<?xml version="1.0" encoding="UTF-8"?>
<testng-results ignored="0" total="1" passed="1" failed="0" skipped="0">
  <reporter-output>
    <line>
      <![CDATA[Cart testing]]>
    </line>
    <line>
      <![CDATA[Cart testing]]>
    </line>
    <line>
      <![CDATA[Cart testing]]>
    </line>
    <line>
      <![CDATA[Cart testing]]>
    </line>
    <line>
      <![CDATA[Cart testing]]>
    </line>
  </reporter-output>
  <suite started-at="2024-10-10T11:09:10 CEST" name="Default suite" finished-at="2024-10-10T11:10:54 CEST" duration-ms="104513">
    <groups>
    </groups>
    <test started-at="2024-10-10T11:09:10 CEST" name="Default test" finished-at="2024-10-10T11:10:54 CEST" duration-ms="104513">
      <class name="testPackage.TestCart">
        <test-method is-config="true" signature="setUp()[pri:0, instance:testPackage.TestCart@1750fbeb]" started-at="2024-10-10T11:09:10 CEST" name="setUp" finished-at="2024-10-10T11:09:15 CEST" duration-ms="5731" status="PASS">
          <reporter-output>
          </reporter-output>
        </test-method> <!-- setUp -->
        <test-method signature="testCartFunctionality()[pri:0, instance:testPackage.TestCart@1750fbeb]" started-at="2024-10-10T11:09:15 CEST" name="testCartFunctionality" finished-at="2024-10-10T11:10:54 CEST" duration-ms="98725" status="PASS">
          <reporter-output>
            <line>
              <![CDATA[Cart testing]]>
            </line>
            <line>
              <![CDATA[Cart testing]]>
            </line>
            <line>
              <![CDATA[Cart testing]]>
            </line>
            <line>
              <![CDATA[Cart testing]]>
            </line>
            <line>
              <![CDATA[Cart testing]]>
            </line>
          </reporter-output>
        </test-method> <!-- testCartFunctionality -->
        <test-method is-config="true" signature="tearDown()[pri:0, instance:testPackage.TestCart@1750fbeb]" started-at="2024-10-10T11:10:54 CEST" name="tearDown" finished-at="2024-10-10T11:10:54 CEST" duration-ms="1" status="PASS">
          <reporter-output>
          </reporter-output>
        </test-method> <!-- tearDown -->
      </class> <!-- testPackage.TestCart -->
    </test> <!-- Default test -->
  </suite> <!-- Default suite -->
</testng-results>
